<?xml version="1.0" encoding="UTF-8" ?>
<testsuites>
  <testsuite errors="1" failures="2" hostname="Donalds-MacBook-Pro.local" id="0" name="JUnit Jupiter" package="" skipped="0" tests="11" time="0.039" timestamp="2024-11-20T19:35:34">
    <properties>
      <property name="apple.awt.application.name" value="ConsoleLauncher" />

      <property name="file.encoding" value="UTF-8" />

      <property name="file.separator" value="/" />

      <property name="ftp.nonProxyHosts" value="local|*.local|169.254/16|*.169.254/16" />

      <property name="http.nonProxyHosts" value="local|*.local|169.254/16|*.169.254/16" />

      <property name="java.class.path" value="/Users/donsch/Library/CloudStorage/OneDrive-MetropolitanStateUniversityofDenver(MSUDenver)/SoftwareClass/ActualApp/decision-support-fall-24/build/classes:/opt/homebrew/Cellar/ant/1.10.15/libexec/lib/ant-antlr.jar:/opt/homebrew/Cellar/ant/1.10.15/libexec/lib/ant-apache-bcel.jar:/opt/homebrew/Cellar/ant/1.10.15/libexec/lib/ant-apache-bsf.jar:/opt/homebrew/Cellar/ant/1.10.15/libexec/lib/ant-apache-log4j.jar:/opt/homebrew/Cellar/ant/1.10.15/libexec/lib/ant-apache-oro.jar:/opt/homebrew/Cellar/ant/1.10.15/libexec/lib/ant-apache-regexp.jar:/opt/homebrew/Cellar/ant/1.10.15/libexec/lib/ant-apache-resolver.jar:/opt/homebrew/Cellar/ant/1.10.15/libexec/lib/ant-apache-xalan2.jar:/opt/homebrew/Cellar/ant/1.10.15/libexec/lib/ant-commons-logging.jar:/opt/homebrew/Cellar/ant/1.10.15/libexec/lib/ant-commons-net.jar:/opt/homebrew/Cellar/ant/1.10.15/libexec/lib/ant-imageio.jar:/opt/homebrew/Cellar/ant/1.10.15/libexec/lib/ant-jai.jar:/opt/homebrew/Cellar/ant/1.10.15/libexec/lib/ant-jakartamail.jar:/opt/homebrew/Cellar/ant/1.10.15/libexec/lib/ant-javamail.jar:/opt/homebrew/Cellar/ant/1.10.15/libexec/lib/ant-jdepend.jar:/opt/homebrew/Cellar/ant/1.10.15/libexec/lib/ant-jmf.jar:/opt/homebrew/Cellar/ant/1.10.15/libexec/lib/ant-jsch.jar:/opt/homebrew/Cellar/ant/1.10.15/libexec/lib/ant-junit.jar:/opt/homebrew/Cellar/ant/1.10.15/libexec/lib/ant-junit4.jar:/opt/homebrew/Cellar/ant/1.10.15/libexec/lib/ant-junitlauncher.jar:/opt/homebrew/Cellar/ant/1.10.15/libexec/lib/ant-launcher.jar:/opt/homebrew/Cellar/ant/1.10.15/libexec/lib/ant-netrexx.jar:/opt/homebrew/Cellar/ant/1.10.15/libexec/lib/ant-swing.jar:/opt/homebrew/Cellar/ant/1.10.15/libexec/lib/ant-testutil.jar:/opt/homebrew/Cellar/ant/1.10.15/libexec/lib/ant-xz.jar:/opt/homebrew/Cellar/ant/1.10.15/libexec/lib/ant.jar:/opt/homebrew/Cellar/ant/1.10.15/libexec/lib/bcel-6.9.0.jar:/opt/homebrew/Cellar/ant/1.10.15/libexec/lib/ivy-2.5.2.jar:/Users/donsch/Library/CloudStorage/OneDrive-MetropolitanStateUniversityofDenver(MSUDenver)/SoftwareClass/ActualApp/decision-support-fall-24/lib/checkstyle.jar:/Users/donsch/Library/CloudStorage/OneDrive-MetropolitanStateUniversityofDenver(MSUDenver)/SoftwareClass/ActualApp/decision-support-fall-24/lib/junit-platform-console-standalone-1.7.0.jar" />

      <property name="java.class.version" value="67.0" />

      <property name="java.home" value="/opt/homebrew/Cellar/openjdk/23.0.1/libexec/openjdk.jdk/Contents/Home" />

      <property name="java.io.tmpdir" value="/var/folders/2n/gdxxw8dj0rq42pbxh6lprvyw0000gn/T/" />

      <property name="java.library.path" value="/Users/donsch/Library/Java/Extensions:/Library/Java/Extensions:/Network/Library/Java/Extensions:/System/Library/Java/Extensions:/usr/lib/java:." />

      <property name="java.runtime.name" value="OpenJDK Runtime Environment" />

      <property name="java.runtime.version" value="23.0.1" />

      <property name="java.specification.name" value="Java Platform API Specification" />

      <property name="java.specification.vendor" value="Oracle Corporation" />

      <property name="java.specification.version" value="23" />

      <property name="java.vendor" value="Homebrew" />

      <property name="java.vendor.url" value="https://github.com/Homebrew/homebrew-core/issues" />

      <property name="java.vendor.url.bug" value="https://github.com/Homebrew/homebrew-core/issues" />

      <property name="java.vendor.version" value="Homebrew" />

      <property name="java.version" value="23.0.1" />

      <property name="java.version.date" value="2024-10-15" />

      <property name="java.vm.compressedOopsMode" value="Zero based" />

      <property name="java.vm.info" value="mixed mode, sharing" />

      <property name="java.vm.name" value="OpenJDK 64-Bit Server VM" />

      <property name="java.vm.specification.name" value="Java Virtual Machine Specification" />

      <property name="java.vm.specification.vendor" value="Oracle Corporation" />

      <property name="java.vm.specification.version" value="23" />

      <property name="java.vm.vendor" value="Homebrew" />

      <property name="java.vm.version" value="23.0.1" />

      <property name="jdk.debug" value="release" />

      <property name="line.separator" value=" " />

      <property name="native.encoding" value="UTF-8" />

      <property name="os.arch" value="aarch64" />

      <property name="os.name" value="Mac OS X" />

      <property name="os.version" value="15.1" />

      <property name="path.separator" value=":" />

      <property name="socksNonProxyHosts" value="local|*.local|169.254/16|*.169.254/16" />

      <property name="stderr.encoding" value="UTF-8" />

      <property name="stdout.encoding" value="UTF-8" />

      <property name="sun.arch.data.model" value="64" />

      <property name="sun.boot.library.path" value="/opt/homebrew/Cellar/openjdk/23.0.1/libexec/openjdk.jdk/Contents/Home/lib" />

      <property name="sun.cpu.endian" value="little" />

      <property name="sun.io.unicode.encoding" value="UnicodeBig" />

      <property name="sun.java.command" value="org.junit.platform.console.ConsoleLauncher --scan-classpath --reports-dir /Users/donsch/Library/CloudStorage/OneDrive-MetropolitanStateUniversityofDenver(MSUDenver)/SoftwareClass/ActualApp/decision-support-fall-24/reports/testresults" />

      <property name="sun.java.launcher" value="SUN_STANDARD" />

      <property name="sun.jnu.encoding" value="UTF-8" />

      <property name="sun.management.compiler" value="HotSpot 64-Bit Tiered Compilers" />

      <property name="user.country" value="US" />

      <property name="user.dir" value="/Users/donsch/Library/CloudStorage/OneDrive-MetropolitanStateUniversityofDenver(MSUDenver)/SoftwareClass/ActualApp/decision-support-fall-24" />

      <property name="user.home" value="/Users/donsch" />

      <property name="user.language" value="en" />

      <property name="user.name" value="donsch" />

      <property name="user.timezone" value="America/Denver" />

    </properties>

    <testcase classname="MainTest" name="testUserOutput()" time="0.006">
      <system-out><![CDATA[
unique-id: [engine:junit-jupiter]/[class:MainTest]/[method:testUserOutput()]
display-name: testUserOutput()
]]></system-out>

    </testcase>

    <testcase classname="MainTest" name="testUserInput_EmptyFactors()" time="0.009">
      <error type="java.util.NoSuchElementException"><![CDATA[java.util.NoSuchElementException
	at java.base/java.util.Scanner.throwFor(Scanner.java:962)
	at java.base/java.util.Scanner.next(Scanner.java:1619)
	at java.base/java.util.Scanner.nextDouble(Scanner.java:2590)
	at Main.userInput(Main.java:81)
	at MainTest.testUserInput_EmptyFactors(MainTest.java:59)
	at java.base/jdk.internal.reflect.DirectMethodHandleAccessor.invoke(DirectMethodHandleAccessor.java:103)
	at java.base/java.lang.reflect.Method.invoke(Method.java:580)
	at org.junit.platform.commons.util.ReflectionUtils.invokeMethod(ReflectionUtils.java:688)
	at org.junit.jupiter.engine.execution.MethodInvocation.proceed(MethodInvocation.java:60)
	at org.junit.jupiter.engine.execution.InvocationInterceptorChain$ValidatingInvocation.proceed(InvocationInterceptorChain.java:131)
	at org.junit.jupiter.engine.extension.TimeoutExtension.intercept(TimeoutExtension.java:149)
	at org.junit.jupiter.engine.extension.TimeoutExtension.interceptTestableMethod(TimeoutExtension.java:140)
	at org.junit.jupiter.engine.extension.TimeoutExtension.interceptTestMethod(TimeoutExtension.java:84)
	at org.junit.jupiter.engine.execution.ExecutableInvoker$ReflectiveInterceptorCall.lambda$ofVoidMethod$0(ExecutableInvoker.java:115)
	at org.junit.jupiter.engine.execution.ExecutableInvoker.lambda$invoke$0(ExecutableInvoker.java:105)
	at org.junit.jupiter.engine.execution.InvocationInterceptorChain$InterceptedInvocation.proceed(InvocationInterceptorChain.java:106)
	at org.junit.jupiter.engine.execution.InvocationInterceptorChain.proceed(InvocationInterceptorChain.java:64)
	at org.junit.jupiter.engine.execution.InvocationInterceptorChain.chainAndInvoke(InvocationInterceptorChain.java:45)
	at org.junit.jupiter.engine.execution.InvocationInterceptorChain.invoke(InvocationInterceptorChain.java:37)
	at org.junit.jupiter.engine.execution.ExecutableInvoker.invoke(ExecutableInvoker.java:104)
	at org.junit.jupiter.engine.execution.ExecutableInvoker.invoke(ExecutableInvoker.java:98)
	at org.junit.jupiter.engine.descriptor.TestMethodTestDescriptor.lambda$invokeTestMethod$6(TestMethodTestDescriptor.java:210)
	at org.junit.platform.engine.support.hierarchical.ThrowableCollector.execute(ThrowableCollector.java:73)
	at org.junit.jupiter.engine.descriptor.TestMethodTestDescriptor.invokeTestMethod(TestMethodTestDescriptor.java:206)
	at org.junit.jupiter.engine.descriptor.TestMethodTestDescriptor.execute(TestMethodTestDescriptor.java:131)
	at org.junit.jupiter.engine.descriptor.TestMethodTestDescriptor.execute(TestMethodTestDescriptor.java:65)
	at org.junit.platform.engine.support.hierarchical.NodeTestTask.lambda$executeRecursively$5(NodeTestTask.java:139)
	at org.junit.platform.engine.support.hierarchical.ThrowableCollector.execute(ThrowableCollector.java:73)
	at org.junit.platform.engine.support.hierarchical.NodeTestTask.lambda$executeRecursively$7(NodeTestTask.java:129)
	at org.junit.platform.engine.support.hierarchical.Node.around(Node.java:137)
	at org.junit.platform.engine.support.hierarchical.NodeTestTask.lambda$executeRecursively$8(NodeTestTask.java:127)
	at org.junit.platform.engine.support.hierarchical.ThrowableCollector.execute(ThrowableCollector.java:73)
	at org.junit.platform.engine.support.hierarchical.NodeTestTask.executeRecursively(NodeTestTask.java:126)
	at org.junit.platform.engine.support.hierarchical.NodeTestTask.execute(NodeTestTask.java:84)
	at java.base/java.util.ArrayList.forEach(ArrayList.java:1597)
	at org.junit.platform.engine.support.hierarchical.SameThreadHierarchicalTestExecutorService.invokeAll(SameThreadHierarchicalTestExecutorService.java:38)
	at org.junit.platform.engine.support.hierarchical.NodeTestTask.lambda$executeRecursively$5(NodeTestTask.java:143)
	at org.junit.platform.engine.support.hierarchical.ThrowableCollector.execute(ThrowableCollector.java:73)
	at org.junit.platform.engine.support.hierarchical.NodeTestTask.lambda$executeRecursively$7(NodeTestTask.java:129)
	at org.junit.platform.engine.support.hierarchical.Node.around(Node.java:137)
	at org.junit.platform.engine.support.hierarchical.NodeTestTask.lambda$executeRecursively$8(NodeTestTask.java:127)
	at org.junit.platform.engine.support.hierarchical.ThrowableCollector.execute(ThrowableCollector.java:73)
	at org.junit.platform.engine.support.hierarchical.NodeTestTask.executeRecursively(NodeTestTask.java:126)
	at org.junit.platform.engine.support.hierarchical.NodeTestTask.execute(NodeTestTask.java:84)
	at java.base/java.util.ArrayList.forEach(ArrayList.java:1597)
	at org.junit.platform.engine.support.hierarchical.SameThreadHierarchicalTestExecutorService.invokeAll(SameThreadHierarchicalTestExecutorService.java:38)
	at org.junit.platform.engine.support.hierarchical.NodeTestTask.lambda$executeRecursively$5(NodeTestTask.java:143)
	at org.junit.platform.engine.support.hierarchical.ThrowableCollector.execute(ThrowableCollector.java:73)
	at org.junit.platform.engine.support.hierarchical.NodeTestTask.lambda$executeRecursively$7(NodeTestTask.java:129)
	at org.junit.platform.engine.support.hierarchical.Node.around(Node.java:137)
	at org.junit.platform.engine.support.hierarchical.NodeTestTask.lambda$executeRecursively$8(NodeTestTask.java:127)
	at org.junit.platform.engine.support.hierarchical.ThrowableCollector.execute(ThrowableCollector.java:73)
	at org.junit.platform.engine.support.hierarchical.NodeTestTask.executeRecursively(NodeTestTask.java:126)
	at org.junit.platform.engine.support.hierarchical.NodeTestTask.execute(NodeTestTask.java:84)
	at org.junit.platform.engine.support.hierarchical.SameThreadHierarchicalTestExecutorService.submit(SameThreadHierarchicalTestExecutorService.java:32)
	at org.junit.platform.engine.support.hierarchical.HierarchicalTestExecutor.execute(HierarchicalTestExecutor.java:57)
	at org.junit.platform.engine.support.hierarchical.HierarchicalTestEngine.execute(HierarchicalTestEngine.java:51)
	at org.junit.platform.launcher.core.EngineExecutionOrchestrator.execute(EngineExecutionOrchestrator.java:108)
	at org.junit.platform.launcher.core.EngineExecutionOrchestrator.execute(EngineExecutionOrchestrator.java:88)
	at org.junit.platform.launcher.core.EngineExecutionOrchestrator.lambda$execute$0(EngineExecutionOrchestrator.java:54)
	at org.junit.platform.launcher.core.EngineExecutionOrchestrator.withInterceptedStreams(EngineExecutionOrchestrator.java:67)
	at org.junit.platform.launcher.core.EngineExecutionOrchestrator.execute(EngineExecutionOrchestrator.java:52)
	at org.junit.platform.launcher.core.DefaultLauncher.execute(DefaultLauncher.java:96)
	at org.junit.platform.launcher.core.DefaultLauncher.execute(DefaultLauncher.java:75)
	at org.junit.platform.console.tasks.ConsoleTestExecutor.executeTests(ConsoleTestExecutor.java:66)
	at org.junit.platform.console.tasks.ConsoleTestExecutor.lambda$execute$0(ConsoleTestExecutor.java:58)
	at org.junit.platform.console.tasks.CustomContextClassLoaderExecutor.invoke(CustomContextClassLoaderExecutor.java:33)
	at org.junit.platform.console.tasks.ConsoleTestExecutor.execute(ConsoleTestExecutor.java:58)
	at org.junit.platform.console.ConsoleLauncher.executeTests(ConsoleLauncher.java:95)
	at org.junit.platform.console.ConsoleLauncher.execute(ConsoleLauncher.java:73)
	at org.junit.platform.console.ConsoleLauncher.execute(ConsoleLauncher.java:50)
	at org.junit.platform.console.ConsoleLauncher.execute(ConsoleLauncher.java:43)
	at org.junit.platform.console.ConsoleLauncher.main(ConsoleLauncher.java:37)
]]></error>

      <system-out><![CDATA[
unique-id: [engine:junit-jupiter]/[class:MainTest]/[method:testUserInput_EmptyFactors()]
display-name: testUserInput_EmptyFactors()
]]></system-out>

    </testcase>

    <testcase classname="MainTest" name="testUserInput_ValidInput()" time="0.005">
      <failure message="expected: &lt;{Ease of Learning=10.0, Popularity=50.0, Performance=80.0}&gt; but was: &lt;{Ease of Learning=10.0, Popularity=5.0, Performance=8.0}&gt;" type="org.opentest4j.AssertionFailedError"><![CDATA[org.opentest4j.AssertionFailedError: expected: <{Ease of Learning=10.0, Popularity=50.0, Performance=80.0}> but was: <{Ease of Learning=10.0, Popularity=5.0, Performance=8.0}>
	at org.junit.jupiter.api.AssertionUtils.fail(AssertionUtils.java:55)
	at org.junit.jupiter.api.AssertionUtils.failNotEqual(AssertionUtils.java:62)
	at org.junit.jupiter.api.AssertEquals.assertEquals(AssertEquals.java:182)
	at org.junit.jupiter.api.AssertEquals.assertEquals(AssertEquals.java:177)
	at org.junit.jupiter.api.Assertions.assertEquals(Assertions.java:1124)
	at MainTest.testUserInput_ValidInput(MainTest.java:39)
	at java.base/jdk.internal.reflect.DirectMethodHandleAccessor.invoke(DirectMethodHandleAccessor.java:103)
	at java.base/java.lang.reflect.Method.invoke(Method.java:580)
	at org.junit.platform.commons.util.ReflectionUtils.invokeMethod(ReflectionUtils.java:688)
	at org.junit.jupiter.engine.execution.MethodInvocation.proceed(MethodInvocation.java:60)
	at org.junit.jupiter.engine.execution.InvocationInterceptorChain$ValidatingInvocation.proceed(InvocationInterceptorChain.java:131)
	at org.junit.jupiter.engine.extension.TimeoutExtension.intercept(TimeoutExtension.java:149)
	at org.junit.jupiter.engine.extension.TimeoutExtension.interceptTestableMethod(TimeoutExtension.java:140)
	at org.junit.jupiter.engine.extension.TimeoutExtension.interceptTestMethod(TimeoutExtension.java:84)
	at org.junit.jupiter.engine.execution.ExecutableInvoker$ReflectiveInterceptorCall.lambda$ofVoidMethod$0(ExecutableInvoker.java:115)
	at org.junit.jupiter.engine.execution.ExecutableInvoker.lambda$invoke$0(ExecutableInvoker.java:105)
	at org.junit.jupiter.engine.execution.InvocationInterceptorChain$InterceptedInvocation.proceed(InvocationInterceptorChain.java:106)
	at org.junit.jupiter.engine.execution.InvocationInterceptorChain.proceed(InvocationInterceptorChain.java:64)
	at org.junit.jupiter.engine.execution.InvocationInterceptorChain.chainAndInvoke(InvocationInterceptorChain.java:45)
	at org.junit.jupiter.engine.execution.InvocationInterceptorChain.invoke(InvocationInterceptorChain.java:37)
	at org.junit.jupiter.engine.execution.ExecutableInvoker.invoke(ExecutableInvoker.java:104)
	at org.junit.jupiter.engine.execution.ExecutableInvoker.invoke(ExecutableInvoker.java:98)
	at org.junit.jupiter.engine.descriptor.TestMethodTestDescriptor.lambda$invokeTestMethod$6(TestMethodTestDescriptor.java:210)
	at org.junit.platform.engine.support.hierarchical.ThrowableCollector.execute(ThrowableCollector.java:73)
	at org.junit.jupiter.engine.descriptor.TestMethodTestDescriptor.invokeTestMethod(TestMethodTestDescriptor.java:206)
	at org.junit.jupiter.engine.descriptor.TestMethodTestDescriptor.execute(TestMethodTestDescriptor.java:131)
	at org.junit.jupiter.engine.descriptor.TestMethodTestDescriptor.execute(TestMethodTestDescriptor.java:65)
	at org.junit.platform.engine.support.hierarchical.NodeTestTask.lambda$executeRecursively$5(NodeTestTask.java:139)
	at org.junit.platform.engine.support.hierarchical.ThrowableCollector.execute(ThrowableCollector.java:73)
	at org.junit.platform.engine.support.hierarchical.NodeTestTask.lambda$executeRecursively$7(NodeTestTask.java:129)
	at org.junit.platform.engine.support.hierarchical.Node.around(Node.java:137)
	at org.junit.platform.engine.support.hierarchical.NodeTestTask.lambda$executeRecursively$8(NodeTestTask.java:127)
	at org.junit.platform.engine.support.hierarchical.ThrowableCollector.execute(ThrowableCollector.java:73)
	at org.junit.platform.engine.support.hierarchical.NodeTestTask.executeRecursively(NodeTestTask.java:126)
	at org.junit.platform.engine.support.hierarchical.NodeTestTask.execute(NodeTestTask.java:84)
	at java.base/java.util.ArrayList.forEach(ArrayList.java:1597)
	at org.junit.platform.engine.support.hierarchical.SameThreadHierarchicalTestExecutorService.invokeAll(SameThreadHierarchicalTestExecutorService.java:38)
	at org.junit.platform.engine.support.hierarchical.NodeTestTask.lambda$executeRecursively$5(NodeTestTask.java:143)
	at org.junit.platform.engine.support.hierarchical.ThrowableCollector.execute(ThrowableCollector.java:73)
	at org.junit.platform.engine.support.hierarchical.NodeTestTask.lambda$executeRecursively$7(NodeTestTask.java:129)
	at org.junit.platform.engine.support.hierarchical.Node.around(Node.java:137)
	at org.junit.platform.engine.support.hierarchical.NodeTestTask.lambda$executeRecursively$8(NodeTestTask.java:127)
	at org.junit.platform.engine.support.hierarchical.ThrowableCollector.execute(ThrowableCollector.java:73)
	at org.junit.platform.engine.support.hierarchical.NodeTestTask.executeRecursively(NodeTestTask.java:126)
	at org.junit.platform.engine.support.hierarchical.NodeTestTask.execute(NodeTestTask.java:84)
	at java.base/java.util.ArrayList.forEach(ArrayList.java:1597)
	at org.junit.platform.engine.support.hierarchical.SameThreadHierarchicalTestExecutorService.invokeAll(SameThreadHierarchicalTestExecutorService.java:38)
	at org.junit.platform.engine.support.hierarchical.NodeTestTask.lambda$executeRecursively$5(NodeTestTask.java:143)
	at org.junit.platform.engine.support.hierarchical.ThrowableCollector.execute(ThrowableCollector.java:73)
	at org.junit.platform.engine.support.hierarchical.NodeTestTask.lambda$executeRecursively$7(NodeTestTask.java:129)
	at org.junit.platform.engine.support.hierarchical.Node.around(Node.java:137)
	at org.junit.platform.engine.support.hierarchical.NodeTestTask.lambda$executeRecursively$8(NodeTestTask.java:127)
	at org.junit.platform.engine.support.hierarchical.ThrowableCollector.execute(ThrowableCollector.java:73)
	at org.junit.platform.engine.support.hierarchical.NodeTestTask.executeRecursively(NodeTestTask.java:126)
	at org.junit.platform.engine.support.hierarchical.NodeTestTask.execute(NodeTestTask.java:84)
	at org.junit.platform.engine.support.hierarchical.SameThreadHierarchicalTestExecutorService.submit(SameThreadHierarchicalTestExecutorService.java:32)
	at org.junit.platform.engine.support.hierarchical.HierarchicalTestExecutor.execute(HierarchicalTestExecutor.java:57)
	at org.junit.platform.engine.support.hierarchical.HierarchicalTestEngine.execute(HierarchicalTestEngine.java:51)
	at org.junit.platform.launcher.core.EngineExecutionOrchestrator.execute(EngineExecutionOrchestrator.java:108)
	at org.junit.platform.launcher.core.EngineExecutionOrchestrator.execute(EngineExecutionOrchestrator.java:88)
	at org.junit.platform.launcher.core.EngineExecutionOrchestrator.lambda$execute$0(EngineExecutionOrchestrator.java:54)
	at org.junit.platform.launcher.core.EngineExecutionOrchestrator.withInterceptedStreams(EngineExecutionOrchestrator.java:67)
	at org.junit.platform.launcher.core.EngineExecutionOrchestrator.execute(EngineExecutionOrchestrator.java:52)
	at org.junit.platform.launcher.core.DefaultLauncher.execute(DefaultLauncher.java:96)
	at org.junit.platform.launcher.core.DefaultLauncher.execute(DefaultLauncher.java:75)
	at org.junit.platform.console.tasks.ConsoleTestExecutor.executeTests(ConsoleTestExecutor.java:66)
	at org.junit.platform.console.tasks.ConsoleTestExecutor.lambda$execute$0(ConsoleTestExecutor.java:58)
	at org.junit.platform.console.tasks.CustomContextClassLoaderExecutor.invoke(CustomContextClassLoaderExecutor.java:33)
	at org.junit.platform.console.tasks.ConsoleTestExecutor.execute(ConsoleTestExecutor.java:58)
	at org.junit.platform.console.ConsoleLauncher.executeTests(ConsoleLauncher.java:95)
	at org.junit.platform.console.ConsoleLauncher.execute(ConsoleLauncher.java:73)
	at org.junit.platform.console.ConsoleLauncher.execute(ConsoleLauncher.java:50)
	at org.junit.platform.console.ConsoleLauncher.execute(ConsoleLauncher.java:43)
	at org.junit.platform.console.ConsoleLauncher.main(ConsoleLauncher.java:37)
]]></failure>

      <system-out><![CDATA[
unique-id: [engine:junit-jupiter]/[class:MainTest]/[method:testUserInput_ValidInput()]
display-name: testUserInput_ValidInput()
]]></system-out>

    </testcase>

    <testcase classname="MainTest" name="testUserInput_InvalidWeight()" time="0.001">
      <system-out><![CDATA[
unique-id: [engine:junit-jupiter]/[class:MainTest]/[method:testUserInput_InvalidWeight()]
display-name: testUserInput_InvalidWeight()
]]></system-out>

    </testcase>

    <testcase classname="DecisionAlgorithmTest" name="testDecisionSupport_ValidInput()" time="0">
      <system-out><![CDATA[
unique-id: [engine:junit-jupiter]/[class:DecisionAlgorithmTest]/[method:testDecisionSupport_ValidInput()]
display-name: testDecisionSupport_ValidInput()
]]></system-out>

    </testcase>

    <testcase classname="DecisionAlgorithmTest" name="testCalculateRatios()" time="0">
      <system-out><![CDATA[
unique-id: [engine:junit-jupiter]/[class:DecisionAlgorithmTest]/[method:testCalculateRatios()]
display-name: testCalculateRatios()
]]></system-out>

    </testcase>

    <testcase classname="DecisionAlgorithmTest" name="testNormalize_AllZeroes()" time="0">
      <failure message="expected: &lt;0.0&gt; but was: &lt;NaN&gt;" type="org.opentest4j.AssertionFailedError"><![CDATA[org.opentest4j.AssertionFailedError: expected: <0.0> but was: <NaN>
	at org.junit.jupiter.api.AssertionUtils.fail(AssertionUtils.java:55)
	at org.junit.jupiter.api.AssertionUtils.failNotEqual(AssertionUtils.java:62)
	at org.junit.jupiter.api.AssertEquals.assertEquals(AssertEquals.java:86)
	at org.junit.jupiter.api.AssertEquals.assertEquals(AssertEquals.java:81)
	at org.junit.jupiter.api.Assertions.assertEquals(Assertions.java:993)
	at DecisionAlgorithmTest.testNormalize_AllZeroes(DecisionAlgorithmTest.java:70)
	at java.base/jdk.internal.reflect.DirectMethodHandleAccessor.invoke(DirectMethodHandleAccessor.java:103)
	at java.base/java.lang.reflect.Method.invoke(Method.java:580)
	at org.junit.platform.commons.util.ReflectionUtils.invokeMethod(ReflectionUtils.java:688)
	at org.junit.jupiter.engine.execution.MethodInvocation.proceed(MethodInvocation.java:60)
	at org.junit.jupiter.engine.execution.InvocationInterceptorChain$ValidatingInvocation.proceed(InvocationInterceptorChain.java:131)
	at org.junit.jupiter.engine.extension.TimeoutExtension.intercept(TimeoutExtension.java:149)
	at org.junit.jupiter.engine.extension.TimeoutExtension.interceptTestableMethod(TimeoutExtension.java:140)
	at org.junit.jupiter.engine.extension.TimeoutExtension.interceptTestMethod(TimeoutExtension.java:84)
	at org.junit.jupiter.engine.execution.ExecutableInvoker$ReflectiveInterceptorCall.lambda$ofVoidMethod$0(ExecutableInvoker.java:115)
	at org.junit.jupiter.engine.execution.ExecutableInvoker.lambda$invoke$0(ExecutableInvoker.java:105)
	at org.junit.jupiter.engine.execution.InvocationInterceptorChain$InterceptedInvocation.proceed(InvocationInterceptorChain.java:106)
	at org.junit.jupiter.engine.execution.InvocationInterceptorChain.proceed(InvocationInterceptorChain.java:64)
	at org.junit.jupiter.engine.execution.InvocationInterceptorChain.chainAndInvoke(InvocationInterceptorChain.java:45)
	at org.junit.jupiter.engine.execution.InvocationInterceptorChain.invoke(InvocationInterceptorChain.java:37)
	at org.junit.jupiter.engine.execution.ExecutableInvoker.invoke(ExecutableInvoker.java:104)
	at org.junit.jupiter.engine.execution.ExecutableInvoker.invoke(ExecutableInvoker.java:98)
	at org.junit.jupiter.engine.descriptor.TestMethodTestDescriptor.lambda$invokeTestMethod$6(TestMethodTestDescriptor.java:210)
	at org.junit.platform.engine.support.hierarchical.ThrowableCollector.execute(ThrowableCollector.java:73)
	at org.junit.jupiter.engine.descriptor.TestMethodTestDescriptor.invokeTestMethod(TestMethodTestDescriptor.java:206)
	at org.junit.jupiter.engine.descriptor.TestMethodTestDescriptor.execute(TestMethodTestDescriptor.java:131)
	at org.junit.jupiter.engine.descriptor.TestMethodTestDescriptor.execute(TestMethodTestDescriptor.java:65)
	at org.junit.platform.engine.support.hierarchical.NodeTestTask.lambda$executeRecursively$5(NodeTestTask.java:139)
	at org.junit.platform.engine.support.hierarchical.ThrowableCollector.execute(ThrowableCollector.java:73)
	at org.junit.platform.engine.support.hierarchical.NodeTestTask.lambda$executeRecursively$7(NodeTestTask.java:129)
	at org.junit.platform.engine.support.hierarchical.Node.around(Node.java:137)
	at org.junit.platform.engine.support.hierarchical.NodeTestTask.lambda$executeRecursively$8(NodeTestTask.java:127)
	at org.junit.platform.engine.support.hierarchical.ThrowableCollector.execute(ThrowableCollector.java:73)
	at org.junit.platform.engine.support.hierarchical.NodeTestTask.executeRecursively(NodeTestTask.java:126)
	at org.junit.platform.engine.support.hierarchical.NodeTestTask.execute(NodeTestTask.java:84)
	at java.base/java.util.ArrayList.forEach(ArrayList.java:1597)
	at org.junit.platform.engine.support.hierarchical.SameThreadHierarchicalTestExecutorService.invokeAll(SameThreadHierarchicalTestExecutorService.java:38)
	at org.junit.platform.engine.support.hierarchical.NodeTestTask.lambda$executeRecursively$5(NodeTestTask.java:143)
	at org.junit.platform.engine.support.hierarchical.ThrowableCollector.execute(ThrowableCollector.java:73)
	at org.junit.platform.engine.support.hierarchical.NodeTestTask.lambda$executeRecursively$7(NodeTestTask.java:129)
	at org.junit.platform.engine.support.hierarchical.Node.around(Node.java:137)
	at org.junit.platform.engine.support.hierarchical.NodeTestTask.lambda$executeRecursively$8(NodeTestTask.java:127)
	at org.junit.platform.engine.support.hierarchical.ThrowableCollector.execute(ThrowableCollector.java:73)
	at org.junit.platform.engine.support.hierarchical.NodeTestTask.executeRecursively(NodeTestTask.java:126)
	at org.junit.platform.engine.support.hierarchical.NodeTestTask.execute(NodeTestTask.java:84)
	at java.base/java.util.ArrayList.forEach(ArrayList.java:1597)
	at org.junit.platform.engine.support.hierarchical.SameThreadHierarchicalTestExecutorService.invokeAll(SameThreadHierarchicalTestExecutorService.java:38)
	at org.junit.platform.engine.support.hierarchical.NodeTestTask.lambda$executeRecursively$5(NodeTestTask.java:143)
	at org.junit.platform.engine.support.hierarchical.ThrowableCollector.execute(ThrowableCollector.java:73)
	at org.junit.platform.engine.support.hierarchical.NodeTestTask.lambda$executeRecursively$7(NodeTestTask.java:129)
	at org.junit.platform.engine.support.hierarchical.Node.around(Node.java:137)
	at org.junit.platform.engine.support.hierarchical.NodeTestTask.lambda$executeRecursively$8(NodeTestTask.java:127)
	at org.junit.platform.engine.support.hierarchical.ThrowableCollector.execute(ThrowableCollector.java:73)
	at org.junit.platform.engine.support.hierarchical.NodeTestTask.executeRecursively(NodeTestTask.java:126)
	at org.junit.platform.engine.support.hierarchical.NodeTestTask.execute(NodeTestTask.java:84)
	at org.junit.platform.engine.support.hierarchical.SameThreadHierarchicalTestExecutorService.submit(SameThreadHierarchicalTestExecutorService.java:32)
	at org.junit.platform.engine.support.hierarchical.HierarchicalTestExecutor.execute(HierarchicalTestExecutor.java:57)
	at org.junit.platform.engine.support.hierarchical.HierarchicalTestEngine.execute(HierarchicalTestEngine.java:51)
	at org.junit.platform.launcher.core.EngineExecutionOrchestrator.execute(EngineExecutionOrchestrator.java:108)
	at org.junit.platform.launcher.core.EngineExecutionOrchestrator.execute(EngineExecutionOrchestrator.java:88)
	at org.junit.platform.launcher.core.EngineExecutionOrchestrator.lambda$execute$0(EngineExecutionOrchestrator.java:54)
	at org.junit.platform.launcher.core.EngineExecutionOrchestrator.withInterceptedStreams(EngineExecutionOrchestrator.java:67)
	at org.junit.platform.launcher.core.EngineExecutionOrchestrator.execute(EngineExecutionOrchestrator.java:52)
	at org.junit.platform.launcher.core.DefaultLauncher.execute(DefaultLauncher.java:96)
	at org.junit.platform.launcher.core.DefaultLauncher.execute(DefaultLauncher.java:75)
	at org.junit.platform.console.tasks.ConsoleTestExecutor.executeTests(ConsoleTestExecutor.java:66)
	at org.junit.platform.console.tasks.ConsoleTestExecutor.lambda$execute$0(ConsoleTestExecutor.java:58)
	at org.junit.platform.console.tasks.CustomContextClassLoaderExecutor.invoke(CustomContextClassLoaderExecutor.java:33)
	at org.junit.platform.console.tasks.ConsoleTestExecutor.execute(ConsoleTestExecutor.java:58)
	at org.junit.platform.console.ConsoleLauncher.executeTests(ConsoleLauncher.java:95)
	at org.junit.platform.console.ConsoleLauncher.execute(ConsoleLauncher.java:73)
	at org.junit.platform.console.ConsoleLauncher.execute(ConsoleLauncher.java:50)
	at org.junit.platform.console.ConsoleLauncher.execute(ConsoleLauncher.java:43)
	at org.junit.platform.console.ConsoleLauncher.main(ConsoleLauncher.java:37)
]]></failure>

      <system-out><![CDATA[
unique-id: [engine:junit-jupiter]/[class:DecisionAlgorithmTest]/[method:testNormalize_AllZeroes()]
display-name: testNormalize_AllZeroes()
]]></system-out>

    </testcase>

    <testcase classname="DecisionTest" name="testToString()" time="0.001">
      <system-out><![CDATA[
unique-id: [engine:junit-jupiter]/[class:DecisionTest]/[method:testToString()]
display-name: testToString()
]]></system-out>

    </testcase>

    <testcase classname="DecisionTest" name="testDecisionConstructor()" time="0">
      <system-out><![CDATA[
unique-id: [engine:junit-jupiter]/[class:DecisionTest]/[method:testDecisionConstructor()]
display-name: testDecisionConstructor()
]]></system-out>

    </testcase>

    <testcase classname="DecisionTest" name="testEdgeCases()" time="0">
      <system-out><![CDATA[
unique-id: [engine:junit-jupiter]/[class:DecisionTest]/[method:testEdgeCases()]
display-name: testEdgeCases()
]]></system-out>

    </testcase>

    <testcase classname="DecisionTest" name="testSetters()" time="0">
      <system-out><![CDATA[
unique-id: [engine:junit-jupiter]/[class:DecisionTest]/[method:testSetters()]
display-name: testSetters()
]]></system-out>

    </testcase>

    <system-out><![CDATA[
unique-id: [engine:junit-jupiter]
display-name: JUnit Jupiter
]]></system-out>

  </testsuite>
  <testsuite errors="0" failures="0" hostname="Donalds-MacBook-Pro.local" id="1" name="JUnit Vintage" package="" skipped="0" tests="0" time="0" timestamp="2024-11-20T19:35:34">
    <properties>
      <property name="apple.awt.application.name" value="ConsoleLauncher" />

      <property name="file.encoding" value="UTF-8" />

      <property name="file.separator" value="/" />

      <property name="ftp.nonProxyHosts" value="local|*.local|169.254/16|*.169.254/16" />

      <property name="http.nonProxyHosts" value="local|*.local|169.254/16|*.169.254/16" />

      <property name="java.class.path" value="/Users/donsch/Library/CloudStorage/OneDrive-MetropolitanStateUniversityofDenver(MSUDenver)/SoftwareClass/ActualApp/decision-support-fall-24/build/classes:/opt/homebrew/Cellar/ant/1.10.15/libexec/lib/ant-antlr.jar:/opt/homebrew/Cellar/ant/1.10.15/libexec/lib/ant-apache-bcel.jar:/opt/homebrew/Cellar/ant/1.10.15/libexec/lib/ant-apache-bsf.jar:/opt/homebrew/Cellar/ant/1.10.15/libexec/lib/ant-apache-log4j.jar:/opt/homebrew/Cellar/ant/1.10.15/libexec/lib/ant-apache-oro.jar:/opt/homebrew/Cellar/ant/1.10.15/libexec/lib/ant-apache-regexp.jar:/opt/homebrew/Cellar/ant/1.10.15/libexec/lib/ant-apache-resolver.jar:/opt/homebrew/Cellar/ant/1.10.15/libexec/lib/ant-apache-xalan2.jar:/opt/homebrew/Cellar/ant/1.10.15/libexec/lib/ant-commons-logging.jar:/opt/homebrew/Cellar/ant/1.10.15/libexec/lib/ant-commons-net.jar:/opt/homebrew/Cellar/ant/1.10.15/libexec/lib/ant-imageio.jar:/opt/homebrew/Cellar/ant/1.10.15/libexec/lib/ant-jai.jar:/opt/homebrew/Cellar/ant/1.10.15/libexec/lib/ant-jakartamail.jar:/opt/homebrew/Cellar/ant/1.10.15/libexec/lib/ant-javamail.jar:/opt/homebrew/Cellar/ant/1.10.15/libexec/lib/ant-jdepend.jar:/opt/homebrew/Cellar/ant/1.10.15/libexec/lib/ant-jmf.jar:/opt/homebrew/Cellar/ant/1.10.15/libexec/lib/ant-jsch.jar:/opt/homebrew/Cellar/ant/1.10.15/libexec/lib/ant-junit.jar:/opt/homebrew/Cellar/ant/1.10.15/libexec/lib/ant-junit4.jar:/opt/homebrew/Cellar/ant/1.10.15/libexec/lib/ant-junitlauncher.jar:/opt/homebrew/Cellar/ant/1.10.15/libexec/lib/ant-launcher.jar:/opt/homebrew/Cellar/ant/1.10.15/libexec/lib/ant-netrexx.jar:/opt/homebrew/Cellar/ant/1.10.15/libexec/lib/ant-swing.jar:/opt/homebrew/Cellar/ant/1.10.15/libexec/lib/ant-testutil.jar:/opt/homebrew/Cellar/ant/1.10.15/libexec/lib/ant-xz.jar:/opt/homebrew/Cellar/ant/1.10.15/libexec/lib/ant.jar:/opt/homebrew/Cellar/ant/1.10.15/libexec/lib/bcel-6.9.0.jar:/opt/homebrew/Cellar/ant/1.10.15/libexec/lib/ivy-2.5.2.jar:/Users/donsch/Library/CloudStorage/OneDrive-MetropolitanStateUniversityofDenver(MSUDenver)/SoftwareClass/ActualApp/decision-support-fall-24/lib/checkstyle.jar:/Users/donsch/Library/CloudStorage/OneDrive-MetropolitanStateUniversityofDenver(MSUDenver)/SoftwareClass/ActualApp/decision-support-fall-24/lib/junit-platform-console-standalone-1.7.0.jar" />

      <property name="java.class.version" value="67.0" />

      <property name="java.home" value="/opt/homebrew/Cellar/openjdk/23.0.1/libexec/openjdk.jdk/Contents/Home" />

      <property name="java.io.tmpdir" value="/var/folders/2n/gdxxw8dj0rq42pbxh6lprvyw0000gn/T/" />

      <property name="java.library.path" value="/Users/donsch/Library/Java/Extensions:/Library/Java/Extensions:/Network/Library/Java/Extensions:/System/Library/Java/Extensions:/usr/lib/java:." />

      <property name="java.runtime.name" value="OpenJDK Runtime Environment" />

      <property name="java.runtime.version" value="23.0.1" />

      <property name="java.specification.name" value="Java Platform API Specification" />

      <property name="java.specification.vendor" value="Oracle Corporation" />

      <property name="java.specification.version" value="23" />

      <property name="java.vendor" value="Homebrew" />

      <property name="java.vendor.url" value="https://github.com/Homebrew/homebrew-core/issues" />

      <property name="java.vendor.url.bug" value="https://github.com/Homebrew/homebrew-core/issues" />

      <property name="java.vendor.version" value="Homebrew" />

      <property name="java.version" value="23.0.1" />

      <property name="java.version.date" value="2024-10-15" />

      <property name="java.vm.compressedOopsMode" value="Zero based" />

      <property name="java.vm.info" value="mixed mode, sharing" />

      <property name="java.vm.name" value="OpenJDK 64-Bit Server VM" />

      <property name="java.vm.specification.name" value="Java Virtual Machine Specification" />

      <property name="java.vm.specification.vendor" value="Oracle Corporation" />

      <property name="java.vm.specification.version" value="23" />

      <property name="java.vm.vendor" value="Homebrew" />

      <property name="java.vm.version" value="23.0.1" />

      <property name="jdk.debug" value="release" />

      <property name="line.separator" value=" " />

      <property name="native.encoding" value="UTF-8" />

      <property name="os.arch" value="aarch64" />

      <property name="os.name" value="Mac OS X" />

      <property name="os.version" value="15.1" />

      <property name="path.separator" value=":" />

      <property name="socksNonProxyHosts" value="local|*.local|169.254/16|*.169.254/16" />

      <property name="stderr.encoding" value="UTF-8" />

      <property name="stdout.encoding" value="UTF-8" />

      <property name="sun.arch.data.model" value="64" />

      <property name="sun.boot.library.path" value="/opt/homebrew/Cellar/openjdk/23.0.1/libexec/openjdk.jdk/Contents/Home/lib" />

      <property name="sun.cpu.endian" value="little" />

      <property name="sun.io.unicode.encoding" value="UnicodeBig" />

      <property name="sun.java.command" value="org.junit.platform.console.ConsoleLauncher --scan-classpath --reports-dir /Users/donsch/Library/CloudStorage/OneDrive-MetropolitanStateUniversityofDenver(MSUDenver)/SoftwareClass/ActualApp/decision-support-fall-24/reports/testresults" />

      <property name="sun.java.launcher" value="SUN_STANDARD" />

      <property name="sun.jnu.encoding" value="UTF-8" />

      <property name="sun.management.compiler" value="HotSpot 64-Bit Tiered Compilers" />

      <property name="user.country" value="US" />

      <property name="user.dir" value="/Users/donsch/Library/CloudStorage/OneDrive-MetropolitanStateUniversityofDenver(MSUDenver)/SoftwareClass/ActualApp/decision-support-fall-24" />

      <property name="user.home" value="/Users/donsch" />

      <property name="user.language" value="en" />

      <property name="user.name" value="donsch" />

      <property name="user.timezone" value="America/Denver" />

    </properties>

    <system-out><![CDATA[
unique-id: [engine:junit-vintage]
display-name: JUnit Vintage
]]></system-out>

  </testsuite>
</testsuites>
